2019-10-01 20:08:41,268 ERROR [main] - Statistics - Statistics file `C:\Users\santi\.scalaide\statistics` is corrupted. A new one is being created. Corrupted content was:

com.cedarsoftware.util.io.JsonIoException: error parsing JSON value
	at com.cedarsoftware.util.io.JsonReader.readObject(JsonReader.java:529)
	at com.cedarsoftware.util.io.JsonReader.jsonToJava(JsonReader.java:289)
	at com.cedarsoftware.util.io.JsonReader.jsonToJava(JsonReader.java:262)
	at org.scalaide.core.internal.statistics.Statistics.read(Statistics.scala:74)
	at org.scalaide.core.internal.statistics.Statistics.$anonfun$readStats$1(Statistics.scala:52)
	at org.scalaide.core.internal.statistics.Statistics.$anonfun$readStats$1$adapted(Statistics.scala:51)
	at org.scalaide.core.ScalaIdeDataStore$.$anonfun$validate$2(ScalaIdeDataStore.scala:59)
	at org.scalaide.util.eclipse.EclipseUtils$$anon$3.run(EclipseUtils.scala:230)
	at org.eclipse.core.runtime.SafeRunner.run(SafeRunner.java:45)
	at org.scalaide.util.eclipse.EclipseUtils$.withSafeRunner(EclipseUtils.scala:226)
	at org.scalaide.core.ScalaIdeDataStore$.validate(ScalaIdeDataStore.scala:59)
	at org.scalaide.core.internal.statistics.Statistics.readStats(Statistics.scala:51)
	at org.scalaide.core.internal.statistics.Statistics.<init>(Statistics.scala:30)
	at org.scalaide.core.internal.ScalaPlugin.stats$lzycompute(ScalaPlugin.scala:135)
	at org.scalaide.core.internal.ScalaPlugin.stats(ScalaPlugin.scala:135)
	at org.scalaide.core.internal.ScalaPlugin.statistics(ScalaPlugin.scala:138)
	at org.scalaide.core.internal.ScalaPlugin.start(ScalaPlugin.scala:109)
	at org.eclipse.osgi.internal.framework.BundleContextImpl$3.run(BundleContextImpl.java:842)
	at org.eclipse.osgi.internal.framework.BundleContextImpl$3.run(BundleContextImpl.java:1)
	at java.base/java.security.AccessController.doPrivileged(AccessController.java:551)
	at org.eclipse.osgi.internal.framework.BundleContextImpl.startActivator(BundleContextImpl.java:834)
	at org.eclipse.osgi.internal.framework.BundleContextImpl.start(BundleContextImpl.java:791)
	at org.eclipse.osgi.internal.framework.EquinoxBundle.startWorker0(EquinoxBundle.java:1015)
	at org.eclipse.osgi.internal.framework.EquinoxBundle$EquinoxModule.startWorker(EquinoxBundle.java:365)
	at org.eclipse.osgi.container.Module.doStart(Module.java:603)
	at org.eclipse.osgi.container.Module.start(Module.java:467)
	at org.eclipse.osgi.framework.util.SecureAction.start(SecureAction.java:493)
	at org.eclipse.osgi.internal.hooks.EclipseLazyStarter.postFindLocalClass(EclipseLazyStarter.java:117)
	at org.eclipse.osgi.internal.loader.classpath.ClasspathManager.findLocalClass(ClasspathManager.java:571)
	at org.eclipse.osgi.internal.loader.ModuleClassLoader.findLocalClass(ModuleClassLoader.java:330)
	at org.eclipse.osgi.internal.loader.BundleLoader.findLocalClass(BundleLoader.java:398)
	at org.eclipse.osgi.internal.loader.BundleLoader.findClassInternal(BundleLoader.java:476)
	at org.eclipse.osgi.internal.loader.BundleLoader.findClass(BundleLoader.java:425)
	at org.eclipse.osgi.internal.loader.BundleLoader.findClass(BundleLoader.java:417)
	at org.eclipse.osgi.internal.loader.ModuleClassLoader.loadClass(ModuleClassLoader.java:155)
	at java.base/java.lang.ClassLoader.loadClass(ClassLoader.java:521)
	at org.eclipse.osgi.internal.framework.EquinoxBundle.loadClass(EquinoxBundle.java:620)
	at org.eclipse.core.internal.registry.osgi.RegistryStrategyOSGI.createExecutableExtension(RegistryStrategyOSGI.java:196)
	at org.eclipse.core.internal.registry.ExtensionRegistry.createExecutableExtension(ExtensionRegistry.java:934)
	at org.eclipse.core.internal.registry.ConfigurationElement.createExecutableExtension(ConfigurationElement.java:246)
	at org.eclipse.core.internal.registry.ConfigurationElementHandle.createExecutableExtension(ConfigurationElementHandle.java:63)
	at scala.tools.eclipse.contribution.weaving.jdt.imagedescriptor.ImageDescriptorSelectorRegistry.registerSelectors(ImageDescriptorSelectorRegistry.java:74)
	at scala.tools.eclipse.contribution.weaving.jdt.imagedescriptor.ImageDescriptorSelectorRegistry.iterator(ImageDescriptorSelectorRegistry.java:88)
	at scala.tools.eclipse.contribution.weaving.jdt.imagedescriptor.ImageDescriptorSelectorAspect.getImageDescriptor(ImageDescriptorSelectorAspect.aj:101)
	at scala.tools.eclipse.contribution.weaving.jdt.imagedescriptor.ImageDescriptorSelectorAspect.ajc$privMethod$scala_tools_eclipse_contribution_weaving_jdt_imagedescriptor_ImageDescriptorSelectorAspect$scala_tools_eclipse_contribution_weaving_jdt_imagedescriptor_ImageDescriptorSelectorAspect$getImageDescriptor(ImageDescriptorSelectorAspect.aj:1)
	at scala.tools.eclipse.contribution.weaving.jdt.imagedescriptor.ImageDescriptorSelectorAspect.ajc$around$scala_tools_eclipse_contribution_weaving_jdt_imagedescriptor_ImageDescriptorSelectorAspect$2$80f5da8d(ImageDescriptorSelectorAspect.aj:91)
	at org.eclipse.jdt.internal.ui.viewsupport.JavaElementImageProvider.computeDescriptor(JavaElementImageProvider.java:126)
	at org.eclipse.jdt.internal.ui.viewsupport.JavaElementImageProvider.getImageLabel(JavaElementImageProvider.java:108)
	at org.eclipse.jdt.internal.ui.viewsupport.JavaUILabelProvider.getImage(JavaUILabelProvider.java:145)
	at org.eclipse.jdt.internal.ui.packageview.PackageExplorerLabelProvider.getImage(PackageExplorerLabelProvider.java:140)
	at org.eclipse.jdt.internal.ui.navigator.JavaNavigatorLabelProvider.getImage(JavaNavigatorLabelProvider.java:137)
	at org.eclipse.ui.internal.navigator.NavigatorContentServiceLabelProvider.findImage(NavigatorContentServiceLabelProvider.java:204)
	at org.eclipse.ui.internal.navigator.NavigatorContentServiceLabelProvider.getColumnImage(NavigatorContentServiceLabelProvider.java:112)
	at org.eclipse.ui.internal.navigator.NavigatorContentServiceLabelProvider.getImage(NavigatorContentServiceLabelProvider.java:104)
	at org.eclipse.ui.internal.navigator.NavigatorDecoratingLabelProvider$StyledLabelProviderAdapter.getImage(NavigatorDecoratingLabelProvider.java:63)
	at org.eclipse.jface.viewers.DelegatingStyledCellLabelProvider.getImage(DelegatingStyledCellLabelProvider.java:198)
	at org.eclipse.jface.viewers.DecoratingStyledCellLabelProvider.getImage(DecoratingStyledCellLabelProvider.java:171)
	at org.eclipse.jface.viewers.DelegatingStyledCellLabelProvider.update(DelegatingStyledCellLabelProvider.java:124)
	at org.eclipse.jface.viewers.DecoratingStyledCellLabelProvider.update(DecoratingStyledCellLabelProvider.java:134)
	at org.eclipse.jface.viewers.ViewerColumn.refresh(ViewerColumn.java:144)
	at org.eclipse.jface.viewers.AbstractTreeViewer.doUpdateItem(AbstractTreeViewer.java:946)
	at org.eclipse.jface.viewers.AbstractTreeViewer$UpdateItemSafeRunnable.run(AbstractTreeViewer.java:121)
	at org.eclipse.core.runtime.SafeRunner.run(SafeRunner.java:45)
	at org.eclipse.ui.internal.JFaceUtil.lambda$0(JFaceUtil.java:47)
	at org.eclipse.jface.util.SafeRunnable.run(SafeRunnable.java:174)
	at org.eclipse.jface.viewers.AbstractTreeViewer.doUpdateItem(AbstractTreeViewer.java:1024)
	at org.eclipse.jface.viewers.StructuredViewer$UpdateItemSafeRunnable.run(StructuredViewer.java:422)
	at org.eclipse.core.runtime.SafeRunner.run(SafeRunner.java:45)
	at org.eclipse.ui.internal.JFaceUtil.lambda$0(JFaceUtil.java:47)
	at org.eclipse.jface.util.SafeRunnable.run(SafeRunnable.java:174)
	at org.eclipse.jface.viewers.StructuredViewer.updateItem(StructuredViewer.java:2097)
	at org.eclipse.jface.viewers.AbstractTreeViewer.createTreeItem(AbstractTreeViewer.java:840)
	at org.eclipse.jface.viewers.AbstractTreeViewer.createChildren(AbstractTreeViewer.java:818)
	at org.eclipse.jface.viewers.TreeViewer.createChildren(TreeViewer.java:604)
	at org.eclipse.jface.viewers.AbstractTreeViewer.createChildren(AbstractTreeViewer.java:766)
	at org.eclipse.jface.viewers.AbstractTreeViewer.internalInitializeTree(AbstractTreeViewer.java:1586)
	at org.eclipse.jface.viewers.TreeViewer.internalInitializeTree(TreeViewer.java:780)
	at org.eclipse.jface.viewers.AbstractTreeViewer.lambda$1(AbstractTreeViewer.java:1571)
	at org.eclipse.jface.viewers.StructuredViewer.preservingSelection(StructuredViewer.java:1393)
	at org.eclipse.jface.viewers.TreeViewer.preservingSelection(TreeViewer.java:363)
	at org.eclipse.jface.viewers.StructuredViewer.preservingSelection(StructuredViewer.java:1354)
	at org.eclipse.jface.viewers.AbstractTreeViewer.inputChanged(AbstractTreeViewer.java:1565)
	at org.eclipse.jface.viewers.ContentViewer.setInput(ContentViewer.java:282)
	at org.eclipse.jface.viewers.StructuredViewer.setInput(StructuredViewer.java:1627)
	at org.eclipse.ui.navigator.CommonNavigator.createPartControl(CommonNavigator.java:208)
	at org.eclipse.ui.navigator.resources.ProjectExplorer.createPartControl(ProjectExplorer.java:158)
	at org.eclipse.ui.internal.e4.compatibility.CompatibilityPart.createPartControl(CompatibilityPart.java:154)
	at org.eclipse.ui.internal.e4.compatibility.CompatibilityView.createPartControl(CompatibilityView.java:155)
	at org.eclipse.ui.internal.e4.compatibility.CompatibilityPart.create(CompatibilityPart.java:361)
	at java.base/jdk.internal.reflect.NativeMethodAccessorImpl.invoke0(Native Method)
	at java.base/jdk.internal.reflect.NativeMethodAccessorImpl.invoke(NativeMethodAccessorImpl.java:62)
	at java.base/jdk.internal.reflect.DelegatingMethodAccessorImpl.invoke(DelegatingMethodAccessorImpl.java:43)
	at java.base/java.lang.reflect.Method.invoke(Method.java:567)
	at org.eclipse.e4.core.internal.di.MethodRequestor.execute(MethodRequestor.java:58)
	at org.eclipse.e4.core.internal.di.InjectorImpl.processAnnotated(InjectorImpl.java:998)
	at org.eclipse.e4.core.internal.di.InjectorImpl.processAnnotated(InjectorImpl.java:963)
	at org.eclipse.e4.core.internal.di.InjectorImpl.internalInject(InjectorImpl.java:139)
	at org.eclipse.e4.core.internal.di.InjectorImpl.internalMake(InjectorImpl.java:408)
	at org.eclipse.e4.core.internal.di.InjectorImpl.make(InjectorImpl.java:331)
	at org.eclipse.e4.core.contexts.ContextInjectionFactory.make(ContextInjectionFactory.java:202)
	at org.eclipse.e4.ui.internal.workbench.ReflectionContributionFactory.createFromBundle(ReflectionContributionFactory.java:91)
	at org.eclipse.e4.ui.internal.workbench.ReflectionContributionFactory.doCreate(ReflectionContributionFactory.java:60)
	at org.eclipse.e4.ui.internal.workbench.ReflectionContributionFactory.create(ReflectionContributionFactory.java:42)
	at org.eclipse.e4.ui.workbench.renderers.swt.ContributedPartRenderer.createWidget(ContributedPartRenderer.java:132)
	at org.eclipse.e4.ui.internal.workbench.swt.PartRenderingEngine.createWidget(PartRenderingEngine.java:1002)
	at org.eclipse.e4.ui.internal.workbench.swt.PartRenderingEngine.safeCreateGui(PartRenderingEngine.java:662)
	at org.eclipse.e4.ui.internal.workbench.swt.PartRenderingEngine$1.run(PartRenderingEngine.java:547)
	at org.eclipse.core.runtime.SafeRunner.run(SafeRunner.java:45)
	at org.eclipse.e4.ui.internal.workbench.swt.PartRenderingEngine.createGui(PartRenderingEngine.java:531)
	at org.eclipse.e4.ui.workbench.renderers.swt.ElementReferenceRenderer.createWidget(ElementReferenceRenderer.java:73)
	at org.eclipse.e4.ui.internal.workbench.swt.PartRenderingEngine.createWidget(PartRenderingEngine.java:1002)
	at org.eclipse.e4.ui.internal.workbench.swt.PartRenderingEngine.safeCreateGui(PartRenderingEngine.java:662)
	at org.eclipse.e4.ui.internal.workbench.swt.PartRenderingEngine.safeCreateGui(PartRenderingEngine.java:768)
	at org.eclipse.e4.ui.internal.workbench.swt.PartRenderingEngine.access$0(PartRenderingEngine.java:739)
	at org.eclipse.e4.ui.internal.workbench.swt.PartRenderingEngine$2.run(PartRenderingEngine.java:733)
	at org.eclipse.core.runtime.SafeRunner.run(SafeRunner.java:45)
	at org.eclipse.e4.ui.internal.workbench.swt.PartRenderingEngine.createGui(PartRenderingEngine.java:717)
	at org.eclipse.e4.ui.workbench.renderers.swt.StackRenderer.showTab(StackRenderer.java:1293)
	at org.eclipse.e4.ui.workbench.renderers.swt.LazyStackRenderer.postProcess(LazyStackRenderer.java:105)
	at org.eclipse.e4.ui.internal.workbench.swt.PartRenderingEngine.safeCreateGui(PartRenderingEngine.java:680)
	at org.eclipse.e4.ui.internal.workbench.swt.PartRenderingEngine.safeCreateGui(PartRenderingEngine.java:768)
	at org.eclipse.e4.ui.internal.workbench.swt.PartRenderingEngine.access$0(PartRenderingEngine.java:739)
	at org.eclipse.e4.ui.internal.workbench.swt.PartRenderingEngine$2.run(PartRenderingEngine.java:733)
	at org.eclipse.core.runtime.SafeRunner.run(SafeRunner.java:45)
	at org.eclipse.e4.ui.internal.workbench.swt.PartRenderingEngine.createGui(PartRenderingEngine.java:717)
	at org.eclipse.e4.ui.workbench.renderers.swt.SWTPartRenderer.processContents(SWTPartRenderer.java:73)
	at org.eclipse.e4.ui.workbench.renderers.swt.SashRenderer.processContents(SashRenderer.java:140)
	at org.eclipse.e4.ui.internal.workbench.swt.PartRenderingEngine.safeCreateGui(PartRenderingEngine.java:676)
	at org.eclipse.e4.ui.internal.workbench.swt.PartRenderingEngine.safeCreateGui(PartRenderingEngine.java:768)
	at org.eclipse.e4.ui.internal.workbench.swt.PartRenderingEngine.access$0(PartRenderingEngine.java:739)
	at org.eclipse.e4.ui.internal.workbench.swt.PartRenderingEngine$2.run(PartRenderingEngine.java:733)
	at org.eclipse.core.runtime.SafeRunner.run(SafeRunner.java:45)
	at org.eclipse.e4.ui.internal.workbench.swt.PartRenderingEngine.createGui(PartRenderingEngine.java:717)
	at org.eclipse.e4.ui.workbench.renderers.swt.SWTPartRenderer.processContents(SWTPartRenderer.java:73)
	at org.eclipse.e4.ui.workbench.renderers.swt.PerspectiveRenderer.processContents(PerspectiveRenderer.java:51)
	at org.eclipse.e4.ui.internal.workbench.swt.PartRenderingEngine.safeCreateGui(PartRenderingEngine.java:676)
	at org.eclipse.e4.ui.internal.workbench.swt.PartRenderingEngine.safeCreateGui(PartRenderingEngine.java:768)
	at org.eclipse.e4.ui.internal.workbench.swt.PartRenderingEngine.access$0(PartRenderingEngine.java:739)
	at org.eclipse.e4.ui.internal.workbench.swt.PartRenderingEngine$2.run(PartRenderingEngine.java:733)
	at org.eclipse.core.runtime.SafeRunner.run(SafeRunner.java:45)
	at org.eclipse.e4.ui.internal.workbench.swt.PartRenderingEngine.createGui(PartRenderingEngine.java:717)
	at org.eclipse.e4.ui.workbench.renderers.swt.PerspectiveStackRenderer.showTab(PerspectiveStackRenderer.java:82)
	at org.eclipse.e4.ui.workbench.renderers.swt.LazyStackRenderer.postProcess(LazyStackRenderer.java:105)
	at org.eclipse.e4.ui.workbench.renderers.swt.PerspectiveStackRenderer.postProcess(PerspectiveStackRenderer.java:64)
	at org.eclipse.e4.ui.internal.workbench.swt.PartRenderingEngine.safeCreateGui(PartRenderingEngine.java:680)
	at org.eclipse.e4.ui.internal.workbench.swt.PartRenderingEngine.safeCreateGui(PartRenderingEngine.java:768)
	at org.eclipse.e4.ui.internal.workbench.swt.PartRenderingEngine.access$0(PartRenderingEngine.java:739)
	at org.eclipse.e4.ui.internal.workbench.swt.PartRenderingEngine$2.run(PartRenderingEngine.java:733)
	at org.eclipse.core.runtime.SafeRunner.run(SafeRunner.java:45)
	at org.eclipse.e4.ui.internal.workbench.swt.PartRenderingEngine.createGui(PartRenderingEngine.java:717)
	at org.eclipse.e4.ui.workbench.renderers.swt.SWTPartRenderer.processContents(SWTPartRenderer.java:73)
	at org.eclipse.e4.ui.workbench.renderers.swt.SashRenderer.processContents(SashRenderer.java:140)
	at org.eclipse.e4.ui.internal.workbench.swt.PartRenderingEngine.safeCreateGui(PartRenderingEngine.java:676)
	at org.eclipse.e4.ui.internal.workbench.swt.PartRenderingEngine.safeCreateGui(PartRenderingEngine.java:768)
	at org.eclipse.e4.ui.internal.workbench.swt.PartRenderingEngine.access$0(PartRenderingEngine.java:739)
	at org.eclipse.e4.ui.internal.workbench.swt.PartRenderingEngine$2.run(PartRenderingEngine.java:733)
	at org.eclipse.core.runtime.SafeRunner.run(SafeRunner.java:45)
	at org.eclipse.e4.ui.internal.workbench.swt.PartRenderingEngine.createGui(PartRenderingEngine.java:717)
	at org.eclipse.e4.ui.workbench.renderers.swt.SWTPartRenderer.processContents(SWTPartRenderer.java:73)
	at org.eclipse.e4.ui.workbench.renderers.swt.WBWRenderer.processContents(WBWRenderer.java:665)
	at org.eclipse.e4.ui.internal.workbench.swt.PartRenderingEngine.safeCreateGui(PartRenderingEngine.java:676)
	at org.eclipse.e4.ui.internal.workbench.swt.PartRenderingEngine.safeCreateGui(PartRenderingEngine.java:768)
	at org.eclipse.e4.ui.internal.workbench.swt.PartRenderingEngine.access$0(PartRenderingEngine.java:739)
	at org.eclipse.e4.ui.internal.workbench.swt.PartRenderingEngine$2.run(PartRenderingEngine.java:733)
	at org.eclipse.core.runtime.SafeRunner.run(SafeRunner.java:45)
	at org.eclipse.e4.ui.internal.workbench.swt.PartRenderingEngine.createGui(PartRenderingEngine.java:717)
	at org.eclipse.e4.ui.internal.workbench.swt.PartRenderingEngine$5.run(PartRenderingEngine.java:1086)
	at org.eclipse.core.databinding.observable.Realm.runWithDefault(Realm.java:338)
	at org.eclipse.e4.ui.internal.workbench.swt.PartRenderingEngine.run(PartRenderingEngine.java:1049)
	at org.eclipse.e4.ui.internal.workbench.E4Workbench.createAndRunUI(E4Workbench.java:155)
	at org.eclipse.ui.internal.Workbench.lambda$3(Workbench.java:633)
	at org.eclipse.core.databinding.observable.Realm.runWithDefault(Realm.java:338)
	at org.eclipse.ui.internal.Workbench.createAndRunWorkbench(Workbench.java:557)
	at org.eclipse.ui.PlatformUI.createAndRunWorkbench(PlatformUI.java:150)
	at org.eclipse.ui.internal.ide.application.IDEApplication.start(IDEApplication.java:150)
	at org.eclipse.equinox.internal.app.EclipseAppHandle.run(EclipseAppHandle.java:203)
	at org.eclipse.core.runtime.internal.adaptor.EclipseAppLauncher.runApplication(EclipseAppLauncher.java:137)
	at org.eclipse.core.runtime.internal.adaptor.EclipseAppLauncher.start(EclipseAppLauncher.java:107)
	at org.eclipse.core.runtime.adaptor.EclipseStarter.run(EclipseStarter.java:400)
	at org.eclipse.core.runtime.adaptor.EclipseStarter.run(EclipseStarter.java:255)
	at java.base/jdk.internal.reflect.NativeMethodAccessorImpl.invoke0(Native Method)
	at java.base/jdk.internal.reflect.NativeMethodAccessorImpl.invoke(NativeMethodAccessorImpl.java:62)
	at java.base/jdk.internal.reflect.DelegatingMethodAccessorImpl.invoke(DelegatingMethodAccessorImpl.java:43)
	at java.base/java.lang.reflect.Method.invoke(Method.java:567)
	at org.eclipse.equinox.launcher.Main.invokeFramework(Main.java:660)
	at org.eclipse.equinox.launcher.Main.basicRun(Main.java:597)
	at org.eclipse.equinox.launcher.Main.run(Main.java:1468)
Caused by: com.cedarsoftware.util.io.JsonIoException: EOF reached prematurely
	at com.cedarsoftware.util.io.JsonParser.error(JsonParser.java:584)
	at com.cedarsoftware.util.io.JsonParser.readValue(JsonParser.java:278)
	at com.cedarsoftware.util.io.JsonReader.readObject(JsonReader.java:521)
	... 186 more
2019-10-01 20:08:41,330 ERROR [main] - System.err - [org.eclipse.jdt.launching] error can't determine implemented interfaces of missing type org.eclipse.jdt.internal.core.manipulation.JavaElementLabelComposerCore
 [Xlint:cantFindType]
2019-10-01 20:08:46,971 ERROR [main] - System.err - [org.eclipse.jdt.debug] error can't determine implemented interfaces of missing type org.eclipse.jdt.internal.core.manipulation.JavaElementLabelComposerCore
 [Xlint:cantFindType]
2019-10-01 20:08:51,059 ERROR [org.eclipse.jdt.internal.ui.text.JavaReconciler] - System.err - [org.eclipse.pde.ui] error can't determine implemented interfaces of missing type org.eclipse.jdt.internal.core.manipulation.JavaElementLabelComposerCore
 [Xlint:cantFindType]
2019-10-01 20:11:41,194  WARN [ModalContext] - ScalaProject - Project Cidenet has platform default sourceLevel.
2019-10-01 20:11:41,195  WARN [ModalContext] - ScalaProject - Project Cidenet runs on platform default installation.
2019-10-01 20:11:44,050  WARN [Worker-14: Building workspace] - ScalaProject - Project Cidenet has platform default sourceLevel.
2019-10-01 20:11:44,054  WARN [Worker-14: Building workspace] - ScalaProject - Project Cidenet runs on platform default installation.
2019-10-01 20:12:03,912  WARN [Worker-9: Update Project Cidenet] - ScalaProject - Project Cidenet has platform default sourceLevel.
2019-10-01 20:12:03,912  WARN [Worker-9: Update Project Cidenet] - ScalaProject - Project Cidenet runs on platform default installation.
2019-10-01 20:12:04,975  WARN [Worker-14: Building workspace] - ScalaProject - Project Cidenet has platform default sourceLevel.
2019-10-01 20:12:04,975  WARN [Worker-14: Building workspace] - ScalaProject - Project Cidenet runs on platform default installation.
2019-10-01 20:12:05,346 ERROR [Worker-14: Building workspace] - EclipseSbtBuildManager - ## Exception when compiling 1 sources to [C:\Users\santi\eclipse-workspace\Cidenet\bin]
Unknown constant: 19
scala.sys.package$.error(package.scala:27)
sbt.internal.inc.classfile.Parser$.getConstant(Parser.scala:163)
sbt.internal.inc.classfile.Parser$.parse$1(Parser.scala:129)
sbt.internal.inc.classfile.Parser$.sbt$internal$inc$classfile$Parser$$parseConstantPool(Parser.scala:134)
sbt.internal.inc.classfile.Parser$$anon$1.<init>(Parser.scala:42)
sbt.internal.inc.classfile.Parser$.parseImpl(Parser.scala:38)
sbt.internal.inc.classfile.Parser$.parse(Parser.scala:33)
sbt.internal.inc.classfile.Parser$.$anonfun$apply$1(Parser.scala:27)
sbt.io.Using.apply(Using.scala:23)
sbt.internal.inc.classfile.Parser$.apply(Parser.scala:27)
sbt.internal.inc.classfile.Analyze$.$anonfun$apply$5(Analyze.scala:47)
scala.collection.TraversableLike.$anonfun$map$1(TraversableLike.scala:234)
scala.collection.Iterator.foreach(Iterator.scala:929)
scala.collection.Iterator.foreach$(Iterator.scala:929)
scala.collection.AbstractIterator.foreach(Iterator.scala:1417)
scala.collection.IterableLike.foreach(IterableLike.scala:71)
scala.collection.IterableLike.foreach$(IterableLike.scala:70)
scala.collection.AbstractIterable.foreach(Iterable.scala:54)
scala.collection.TraversableLike.map(TraversableLike.scala:234)
scala.collection.TraversableLike.map$(TraversableLike.scala:227)
scala.collection.AbstractTraversable.map(Traversable.scala:104)
sbt.internal.inc.classfile.Analyze$.apply(Analyze.scala:46)
sbt.internal.inc.javac.AnalyzingJavaCompiler.$anonfun$compile$19(AnalyzingJavaCompiler.scala:161)
sbt.internal.inc.javac.AnalyzingJavaCompiler.$anonfun$compile$19$adapted(AnalyzingJavaCompiler.scala:159)
scala.collection.TraversableLike$WithFilter.$anonfun$foreach$1(TraversableLike.scala:789)
scala.collection.immutable.List.foreach(List.scala:389)
scala.collection.TraversableLike$WithFilter.foreach(TraversableLike.scala:788)
sbt.internal.inc.javac.AnalyzingJavaCompiler.$anonfun$compile$17(AnalyzingJavaCompiler.scala:159)
scala.runtime.java8.JFunction0$mcV$sp.apply(JFunction0$mcV$sp.java:12)
sbt.internal.inc.javac.AnalyzingJavaCompiler.timed(AnalyzingJavaCompiler.scala:196)
sbt.internal.inc.javac.AnalyzingJavaCompiler.compile(AnalyzingJavaCompiler.scala:159)
sbt.internal.inc.MixedAnalyzingCompiler.$anonfun$compile$4(MixedAnalyzingCompiler.scala:104)
scala.runtime.java8.JFunction0$mcV$sp.apply(JFunction0$mcV$sp.java:12)
sbt.internal.inc.MixedAnalyzingCompiler.timed(MixedAnalyzingCompiler.scala:132)
sbt.internal.inc.MixedAnalyzingCompiler.compileJava$1(MixedAnalyzingCompiler.scala:89)
sbt.internal.inc.MixedAnalyzingCompiler.compile(MixedAnalyzingCompiler.scala:115)
sbt.internal.inc.IncrementalCompilerImpl.$anonfun$compileInternal$1(IncrementalCompilerImpl.scala:305)
sbt.internal.inc.IncrementalCompilerImpl.$anonfun$compileInternal$1$adapted(IncrementalCompilerImpl.scala:305)
sbt.internal.inc.Incremental$.doCompile(Incremental.scala:101)
sbt.internal.inc.Incremental$.$anonfun$compile$4(Incremental.scala:82)
sbt.internal.inc.IncrementalCommon.recompileClasses(IncrementalCommon.scala:118)
sbt.internal.inc.IncrementalCommon.cycle(IncrementalCommon.scala:64)
sbt.internal.inc.Incremental$.$anonfun$compile$3(Incremental.scala:84)
sbt.internal.inc.Incremental$.manageClassfiles(Incremental.scala:129)
sbt.internal.inc.Incremental$.compile(Incremental.scala:75)
sbt.internal.inc.IncrementalCompile$.apply(Compile.scala:70)
sbt.internal.inc.IncrementalCompilerImpl.compileInternal(IncrementalCompilerImpl.scala:309)
sbt.internal.inc.IncrementalCompilerImpl.$anonfun$compileIncrementally$1(IncrementalCompilerImpl.scala:267)
sbt.internal.inc.IncrementalCompilerImpl.handleCompilationError(IncrementalCompilerImpl.scala:158)
sbt.internal.inc.IncrementalCompilerImpl.compileIncrementally(IncrementalCompilerImpl.scala:237)
sbt.internal.inc.IncrementalCompilerImpl.compile(IncrementalCompilerImpl.scala:145)
org.scalaide.core.internal.builder.zinc.CachingCompiler.compile(CachingCompiler.scala:47)
org.scalaide.core.internal.builder.zinc.EclipseSbtBuildManager.aggressiveCompile(EclipseSbtBuildManager.scala:212)
org.scalaide.core.internal.builder.zinc.EclipseSbtBuildManager.runCompiler(EclipseSbtBuildManager.scala:145)
org.scalaide.core.internal.builder.zinc.EclipseSbtBuildManager.update(EclipseSbtBuildManager.scala:127)
org.scalaide.core.internal.builder.zinc.EclipseSbtBuildManager.build(EclipseSbtBuildManager.scala:78)
org.scalaide.core.internal.project.scopes.BuildScopeUnit.build(BuildScopeUnit.scala:72)
org.scalaide.core.internal.project.SbtScopesBuildManager.$anonfun$build$3(SbtScopesBuildManager.scala:53)
org.scalaide.core.internal.project.SbtScopesBuildManager.$anonfun$build$3$adapted(SbtScopesBuildManager.scala:50)
scala.collection.immutable.List.foreach(List.scala:389)
org.scalaide.core.internal.project.SbtScopesBuildManager.build(SbtScopesBuildManager.scala:50)
org.scalaide.core.internal.project.ScalaProject.build(ScalaProject.scala:596)
org.scalaide.core.internal.builder.ScalaBuilder.build(ScalaBuilder.scala:111)
org.eclipse.core.internal.events.BuildManager$2.run(BuildManager.java:833)
org.eclipse.core.runtime.SafeRunner.run(SafeRunner.java:45)
org.eclipse.core.internal.events.BuildManager.basicBuild(BuildManager.java:220)
org.eclipse.core.internal.events.BuildManager.basicBuild(BuildManager.java:263)
org.eclipse.core.internal.events.BuildManager$1.run(BuildManager.java:316)
org.eclipse.core.runtime.SafeRunner.run(SafeRunner.java:45)
org.eclipse.core.internal.events.BuildManager.basicBuild(BuildManager.java:319)
org.eclipse.core.internal.events.BuildManager.basicBuildLoop(BuildManager.java:371)
org.eclipse.core.internal.events.BuildManager.build(BuildManager.java:392)
org.eclipse.core.internal.events.AutoBuildJob.doBuild(AutoBuildJob.java:154)
org.eclipse.core.internal.events.AutoBuildJob.run(AutoBuildJob.java:244)
org.eclipse.core.internal.jobs.Worker.run(Worker.java:63)
           
2019-10-01 20:12:06,355 ERROR [main] - org.scala-ide.sdt.core - org.scala-ide.sdt.core - org.scala-ide.sdt.core - 0 - Error in Scala compiler
java.lang.RuntimeException: Unknown constant: 19
	at scala.sys.package$.error(package.scala:27)
	at sbt.internal.inc.classfile.Parser$.getConstant(Parser.scala:163)
	at sbt.internal.inc.classfile.Parser$.parse$1(Parser.scala:129)
	at sbt.internal.inc.classfile.Parser$.sbt$internal$inc$classfile$Parser$$parseConstantPool(Parser.scala:134)
	at sbt.internal.inc.classfile.Parser$$anon$1.<init>(Parser.scala:42)
	at sbt.internal.inc.classfile.Parser$.parseImpl(Parser.scala:38)
	at sbt.internal.inc.classfile.Parser$.parse(Parser.scala:33)
	at sbt.internal.inc.classfile.Parser$.$anonfun$apply$1(Parser.scala:27)
	at sbt.io.Using.apply(Using.scala:23)
	at sbt.internal.inc.classfile.Parser$.apply(Parser.scala:27)
	at sbt.internal.inc.classfile.Analyze$.$anonfun$apply$5(Analyze.scala:47)
	at scala.collection.TraversableLike.$anonfun$map$1(TraversableLike.scala:234)
	at scala.collection.Iterator.foreach(Iterator.scala:929)
	at scala.collection.Iterator.foreach$(Iterator.scala:929)
	at scala.collection.AbstractIterator.foreach(Iterator.scala:1417)
	at scala.collection.IterableLike.foreach(IterableLike.scala:71)
	at scala.collection.IterableLike.foreach$(IterableLike.scala:70)
	at scala.collection.AbstractIterable.foreach(Iterable.scala:54)
	at scala.collection.TraversableLike.map(TraversableLike.scala:234)
	at scala.collection.TraversableLike.map$(TraversableLike.scala:227)
	at scala.collection.AbstractTraversable.map(Traversable.scala:104)
	at sbt.internal.inc.classfile.Analyze$.apply(Analyze.scala:46)
	at sbt.internal.inc.javac.AnalyzingJavaCompiler.$anonfun$compile$19(AnalyzingJavaCompiler.scala:161)
	at sbt.internal.inc.javac.AnalyzingJavaCompiler.$anonfun$compile$19$adapted(AnalyzingJavaCompiler.scala:159)
	at scala.collection.TraversableLike$WithFilter.$anonfun$foreach$1(TraversableLike.scala:789)
	at scala.collection.immutable.List.foreach(List.scala:389)
	at scala.collection.TraversableLike$WithFilter.foreach(TraversableLike.scala:788)
	at sbt.internal.inc.javac.AnalyzingJavaCompiler.$anonfun$compile$17(AnalyzingJavaCompiler.scala:159)
	at scala.runtime.java8.JFunction0$mcV$sp.apply(JFunction0$mcV$sp.java:12)
	at sbt.internal.inc.javac.AnalyzingJavaCompiler.timed(AnalyzingJavaCompiler.scala:196)
	at sbt.internal.inc.javac.AnalyzingJavaCompiler.compile(AnalyzingJavaCompiler.scala:159)
	at sbt.internal.inc.MixedAnalyzingCompiler.$anonfun$compile$4(MixedAnalyzingCompiler.scala:104)
	at scala.runtime.java8.JFunction0$mcV$sp.apply(JFunction0$mcV$sp.java:12)
	at sbt.internal.inc.MixedAnalyzingCompiler.timed(MixedAnalyzingCompiler.scala:132)
	at sbt.internal.inc.MixedAnalyzingCompiler.compileJava$1(MixedAnalyzingCompiler.scala:89)
	at sbt.internal.inc.MixedAnalyzingCompiler.compile(MixedAnalyzingCompiler.scala:115)
	at sbt.internal.inc.IncrementalCompilerImpl.$anonfun$compileInternal$1(IncrementalCompilerImpl.scala:305)
	at sbt.internal.inc.IncrementalCompilerImpl.$anonfun$compileInternal$1$adapted(IncrementalCompilerImpl.scala:305)
	at sbt.internal.inc.Incremental$.doCompile(Incremental.scala:101)
	at sbt.internal.inc.Incremental$.$anonfun$compile$4(Incremental.scala:82)
	at sbt.internal.inc.IncrementalCommon.recompileClasses(IncrementalCommon.scala:118)
	at sbt.internal.inc.IncrementalCommon.cycle(IncrementalCommon.scala:64)
	at sbt.internal.inc.Incremental$.$anonfun$compile$3(Incremental.scala:84)
	at sbt.internal.inc.Incremental$.manageClassfiles(Incremental.scala:129)
	at sbt.internal.inc.Incremental$.compile(Incremental.scala:75)
	at sbt.internal.inc.IncrementalCompile$.apply(Compile.scala:70)
	at sbt.internal.inc.IncrementalCompilerImpl.compileInternal(IncrementalCompilerImpl.scala:309)
	at sbt.internal.inc.IncrementalCompilerImpl.$anonfun$compileIncrementally$1(IncrementalCompilerImpl.scala:267)
	at sbt.internal.inc.IncrementalCompilerImpl.handleCompilationError(IncrementalCompilerImpl.scala:158)
	at sbt.internal.inc.IncrementalCompilerImpl.compileIncrementally(IncrementalCompilerImpl.scala:237)
	at sbt.internal.inc.IncrementalCompilerImpl.compile(IncrementalCompilerImpl.scala:145)
	at org.scalaide.core.internal.builder.zinc.CachingCompiler.compile(CachingCompiler.scala:47)
	at org.scalaide.core.internal.builder.zinc.EclipseSbtBuildManager.aggressiveCompile(EclipseSbtBuildManager.scala:212)
	at org.scalaide.core.internal.builder.zinc.EclipseSbtBuildManager.runCompiler(EclipseSbtBuildManager.scala:145)
	at org.scalaide.core.internal.builder.zinc.EclipseSbtBuildManager.update(EclipseSbtBuildManager.scala:127)
	at org.scalaide.core.internal.builder.zinc.EclipseSbtBuildManager.build(EclipseSbtBuildManager.scala:78)
	at org.scalaide.core.internal.project.scopes.BuildScopeUnit.build(BuildScopeUnit.scala:72)
	at org.scalaide.core.internal.project.SbtScopesBuildManager.$anonfun$build$3(SbtScopesBuildManager.scala:53)
	at org.scalaide.core.internal.project.SbtScopesBuildManager.$anonfun$build$3$adapted(SbtScopesBuildManager.scala:50)
	at scala.collection.immutable.List.foreach(List.scala:389)
	at org.scalaide.core.internal.project.SbtScopesBuildManager.build(SbtScopesBuildManager.scala:50)
	at org.scalaide.core.internal.project.ScalaProject.build(ScalaProject.scala:596)
	at org.scalaide.core.internal.builder.ScalaBuilder.build(ScalaBuilder.scala:111)
	at org.eclipse.core.internal.events.BuildManager$2.run(BuildManager.java:833)
	at org.eclipse.core.runtime.SafeRunner.run(SafeRunner.java:45)
	at org.eclipse.core.internal.events.BuildManager.basicBuild(BuildManager.java:220)
	at org.eclipse.core.internal.events.BuildManager.basicBuild(BuildManager.java:263)
	at org.eclipse.core.internal.events.BuildManager$1.run(BuildManager.java:316)
	at org.eclipse.core.runtime.SafeRunner.run(SafeRunner.java:45)
	at org.eclipse.core.internal.events.BuildManager.basicBuild(BuildManager.java:319)
	at org.eclipse.core.internal.events.BuildManager.basicBuildLoop(BuildManager.java:371)
	at org.eclipse.core.internal.events.BuildManager.build(BuildManager.java:392)
	at org.eclipse.core.internal.events.AutoBuildJob.doBuild(AutoBuildJob.java:154)
	at org.eclipse.core.internal.events.AutoBuildJob.run(AutoBuildJob.java:244)
	at org.eclipse.core.internal.jobs.Worker.run(Worker.java:63)
2019-10-01 20:12:27,714  WARN [Worker-13: Building workspace] - ScalaProject - Project Cidenet has platform default sourceLevel.
2019-10-01 20:12:27,715  WARN [Worker-13: Building workspace] - ScalaProject - Project Cidenet runs on platform default installation.
2019-10-01 20:12:53,341  WARN [main] - ScalaProject - Project Cidenet has platform default sourceLevel.
2019-10-01 20:12:53,341  WARN [main] - ScalaProject - Project Cidenet runs on platform default installation.
2019-10-01 20:12:58,713  WARN [main] - ScalaProject - Project Cidenet has platform default sourceLevel.
2019-10-01 20:12:58,714  WARN [main] - ScalaProject - Project Cidenet runs on platform default installation.
2019-10-01 20:12:59,092  WARN [Worker-11: Building workspace] - ScalaProject - Project Cidenet has platform default sourceLevel.
2019-10-01 20:12:59,092  WARN [Worker-11: Building workspace] - ScalaProject - Project Cidenet runs on platform default installation.
2019-10-01 20:13:35,708  WARN [Worker-14: Building workspace] - ScalaProject - Project Cidenet has platform default sourceLevel.
2019-10-01 20:13:35,708  WARN [Worker-14: Building workspace] - ScalaProject - Project Cidenet runs on platform default installation.
2019-10-01 20:15:18,696  WARN [Worker-13: Setting build path] - ScalaProject - Project Cidenet has platform default sourceLevel.
2019-10-01 20:15:18,696  WARN [Worker-13: Setting build path] - ScalaProject - Project Cidenet runs on platform default installation.
2019-10-01 20:15:18,827  WARN [Worker-18: Building workspace] - ScalaProject - Project Cidenet has platform default sourceLevel.
2019-10-01 20:15:18,827  WARN [Worker-18: Building workspace] - ScalaProject - Project Cidenet runs on platform default installation.
2019-10-01 20:15:19,455  WARN [org.scalaide.ui.internal.reconciliation.ScalaReconciler] - ScalaProject - Project Cidenet has platform default sourceLevel.
2019-10-01 20:15:19,456  WARN [org.scalaide.ui.internal.reconciliation.ScalaReconciler] - ScalaProject - Project Cidenet runs on platform default installation.
2019-10-01 20:17:56,997 ERROR [main] - org.scala-ide.sdt.core - org.scala-ide.sdt.core - org.scala-ide.sdt.core - 0 - Throwable during asyncExec
scala.reflect.internal.FatalError: bad constant pool tag 19 at byte 68
	at scala.reflect.internal.Reporting.abort(Reporting.scala:61)
	at scala.reflect.internal.Reporting.abort$(Reporting.scala:57)
	at scala.reflect.internal.SymbolTable.abort(SymbolTable.scala:16)
	at scala.tools.nsc.symtab.classfile.ClassfileParser$ConstantPool.errorBadTag(ClassfileParser.scala:366)
	at scala.tools.nsc.symtab.classfile.ClassfileParser$ConstantPool.<init>(ClassfileParser.scala:191)
	at scala.tools.nsc.symtab.SymbolLoaders$ClassfileLoader$classfileParser$.newConstantPool(SymbolLoaders.scala:294)
	at scala.tools.nsc.symtab.classfile.ClassfileParser.$anonfun$parse$1(ClassfileParser.scala:155)
	at scala.tools.nsc.symtab.classfile.ClassfileParser.parse(ClassfileParser.scala:127)
	at scala.tools.nsc.symtab.SymbolLoaders$ClassfileLoader.doComplete(SymbolLoaders.scala:316)
	at scala.tools.nsc.symtab.SymbolLoaders$SymbolLoader.complete(SymbolLoaders.scala:218)
	at scala.reflect.internal.Symbols$Symbol.info(Symbols.scala:1531)
	at scala.reflect.internal.Symbols$Symbol.tpeHK(Symbols.scala:1466)
	at scala.reflect.internal.Types$Type.computeMemberType(Types.scala:724)
	at scala.reflect.internal.Types$Type.memberType(Types.scala:721)
	at scala.tools.nsc.interactive.Global$Members.$anonfun$add$1(Global.scala:991)
	at scala.tools.nsc.interactive.Global$OnTypeError.onTypeError(Global.scala:1345)
	at scala.tools.nsc.interactive.Global$Members.add(Global.scala:991)
	at scala.tools.nsc.interactive.Global.addScopeMember$1(Global.scala:1020)
	at scala.tools.nsc.interactive.Global.$anonfun$scopeMembers$2(Global.scala:1037)
	at scala.tools.nsc.interactive.Global.$anonfun$scopeMembers$2$adapted(Global.scala:1036)
	at scala.reflect.internal.Scopes$Scope.foreach(Scopes.scala:396)
	at scala.tools.nsc.interactive.Global.scopeMembers(Global.scala:1036)
	at scala.tools.nsc.interactive.Global.$anonfun$getScopeCompletion$2(Global.scala:972)
	at scala.tools.nsc.interactive.Global.$anonfun$respond$1(Global.scala:688)
	at scala.tools.nsc.interactive.Global.respondGradually(Global.scala:695)
	at scala.tools.nsc.interactive.Global.respond(Global.scala:688)
	at scala.tools.nsc.interactive.Global.getScopeCompletion(Global.scala:972)
	at scala.tools.nsc.interactive.CompilerControl$AskScopeCompletionItem.apply$mcV$sp(CompilerControl.scala:357)
	at scala.tools.nsc.interactive.Global.$anonfun$pollForWork$1(Global.scala:493)
	at scala.tools.nsc.interactive.Global.pollForWork(Global.scala:418)
	at scala.tools.nsc.interactive.PresentationCompilerThread.run(PresentationCompilerThread.scala:22)
2019-10-01 20:18:09,247  WARN [Worker-15: Building workspace] - ScalaProject - Project Cidenet has platform default sourceLevel.
2019-10-01 20:18:09,247  WARN [Worker-15: Building workspace] - ScalaProject - Project Cidenet runs on platform default installation.
2019-10-01 20:18:22,490  WARN [Worker-13: Building workspace] - ScalaProject - Project Cidenet has platform default sourceLevel.
2019-10-01 20:18:22,491  WARN [Worker-13: Building workspace] - ScalaProject - Project Cidenet runs on platform default installation.
2019-10-01 20:19:10,204  WARN [Worker-15: Building workspace] - ScalaProject - Project Cidenet has platform default sourceLevel.
2019-10-01 20:19:10,204  WARN [Worker-15: Building workspace] - ScalaProject - Project Cidenet runs on platform default installation.
2019-10-01 20:27:21,552  WARN [Worker-11: Building workspace] - ScalaProject - Project Cidenet has platform default sourceLevel.
2019-10-01 20:27:21,552  WARN [Worker-11: Building workspace] - ScalaProject - Project Cidenet runs on platform default installation.
2019-10-01 20:27:26,875  WARN [Worker-15: Building workspace] - ScalaProject - Project Cidenet has platform default sourceLevel.
2019-10-01 20:27:26,875  WARN [Worker-15: Building workspace] - ScalaProject - Project Cidenet runs on platform default installation.
2019-10-01 20:27:37,449  WARN [Worker-11: Building workspace] - ScalaProject - Project Cidenet has platform default sourceLevel.
2019-10-01 20:27:37,449  WARN [Worker-11: Building workspace] - ScalaProject - Project Cidenet runs on platform default installation.
2019-10-01 20:28:07,759  WARN [Worker-20: Building workspace] - ScalaProject - Project Cidenet has platform default sourceLevel.
2019-10-01 20:28:07,759  WARN [Worker-20: Building workspace] - ScalaProject - Project Cidenet runs on platform default installation.
2019-10-01 20:28:35,257  WARN [Worker-13: Building workspace] - ScalaProject - Project Cidenet has platform default sourceLevel.
2019-10-01 20:28:35,257  WARN [Worker-13: Building workspace] - ScalaProject - Project Cidenet runs on platform default installation.
2019-10-01 20:33:13,281  WARN [Worker-11: Building workspace] - ScalaProject - Project Cidenet has platform default sourceLevel.
2019-10-01 20:33:13,281  WARN [Worker-11: Building workspace] - ScalaProject - Project Cidenet runs on platform default installation.
2019-10-01 20:37:10,906  WARN [Worker-15: Building workspace] - ScalaProject - Project Cidenet has platform default sourceLevel.
2019-10-01 20:37:10,906  WARN [Worker-15: Building workspace] - ScalaProject - Project Cidenet runs on platform default installation.
2019-10-01 20:37:49,356  WARN [Worker-23: Building workspace] - ScalaProject - Project Cidenet has platform default sourceLevel.
2019-10-01 20:37:49,356  WARN [Worker-23: Building workspace] - ScalaProject - Project Cidenet runs on platform default installation.
2019-10-01 20:39:38,686  WARN [Worker-16: Building workspace] - ScalaProject - Project Cidenet has platform default sourceLevel.
2019-10-01 20:39:38,687  WARN [Worker-16: Building workspace] - ScalaProject - Project Cidenet runs on platform default installation.
2019-10-01 20:41:08,136  WARN [Worker-16: Building workspace] - ScalaProject - Project Cidenet has platform default sourceLevel.
2019-10-01 20:41:08,136  WARN [Worker-16: Building workspace] - ScalaProject - Project Cidenet runs on platform default installation.
2019-10-01 20:41:12,970  WARN [Worker-16: Building workspace] - ScalaProject - Project Cidenet has platform default sourceLevel.
2019-10-01 20:41:12,970  WARN [Worker-16: Building workspace] - ScalaProject - Project Cidenet runs on platform default installation.
2019-10-01 20:41:25,068  WARN [Worker-13: Building workspace] - ScalaProject - Project Cidenet has platform default sourceLevel.
2019-10-01 20:41:25,068  WARN [Worker-13: Building workspace] - ScalaProject - Project Cidenet runs on platform default installation.
2019-10-01 20:47:03,832  WARN [Worker-16: Building workspace] - ScalaProject - Project Cidenet has platform default sourceLevel.
2019-10-01 20:47:03,832  WARN [Worker-16: Building workspace] - ScalaProject - Project Cidenet runs on platform default installation.
2019-10-01 20:51:42,693  WARN [Worker-26: Building workspace] - ScalaProject - Project Cidenet has platform default sourceLevel.
2019-10-01 20:51:42,694  WARN [Worker-26: Building workspace] - ScalaProject - Project Cidenet runs on platform default installation.
2019-10-01 20:55:15,478  WARN [org.scalaide.ui.internal.reconciliation.ScalaReconciler] - TraverserImpl$ - Skipping annotation, position length = 0, position offset = 414
2019-10-01 20:55:17,011  WARN [org.scalaide.ui.internal.reconciliation.ScalaReconciler] - TraverserImpl$ - Skipping annotation, position length = 0, position offset = 415
2019-10-01 20:55:20,050  WARN [org.scalaide.ui.internal.reconciliation.ScalaReconciler] - TraverserImpl$ - Skipping annotation, position length = 0, position offset = 414
2019-10-01 20:55:26,181  WARN [org.scalaide.ui.internal.reconciliation.ScalaReconciler] - TraverserImpl$ - Skipping annotation, position length = 0, position offset = 408
2019-10-01 20:55:26,182  WARN [org.scalaide.ui.internal.reconciliation.ScalaReconciler] - TraverserImpl$ - Skipping annotation, position length = 0, position offset = 408
2019-10-01 20:55:29,810  WARN [Worker-11: Building workspace] - ScalaProject - Project Cidenet has platform default sourceLevel.
2019-10-01 20:55:29,810  WARN [Worker-11: Building workspace] - ScalaProject - Project Cidenet runs on platform default installation.
2019-10-01 20:55:57,146  WARN [Worker-25: Building workspace] - ScalaProject - Project Cidenet has platform default sourceLevel.
2019-10-01 20:55:57,146  WARN [Worker-25: Building workspace] - ScalaProject - Project Cidenet runs on platform default installation.
2019-10-01 20:56:07,791  WARN [Worker-11: Building workspace] - ScalaProject - Project Cidenet has platform default sourceLevel.
2019-10-01 20:56:07,791  WARN [Worker-11: Building workspace] - ScalaProject - Project Cidenet runs on platform default installation.
2019-10-01 20:56:12,903  WARN [Worker-25: Building workspace] - ScalaProject - Project Cidenet has platform default sourceLevel.
2019-10-01 20:56:12,903  WARN [Worker-25: Building workspace] - ScalaProject - Project Cidenet runs on platform default installation.
2019-10-01 20:56:36,661  WARN [Worker-26: Building workspace] - ScalaProject - Project Cidenet has platform default sourceLevel.
2019-10-01 20:56:36,661  WARN [Worker-26: Building workspace] - ScalaProject - Project Cidenet runs on platform default installation.
2019-10-01 20:57:20,511  WARN [Worker-26: Building workspace] - ScalaProject - Project Cidenet has platform default sourceLevel.
2019-10-01 20:57:20,511  WARN [Worker-26: Building workspace] - ScalaProject - Project Cidenet runs on platform default installation.
2019-10-01 20:59:55,669  WARN [Worker-25: Building workspace] - ScalaProject - Project Cidenet has platform default sourceLevel.
2019-10-01 20:59:55,669  WARN [Worker-25: Building workspace] - ScalaProject - Project Cidenet runs on platform default installation.
2019-10-01 21:08:05,044  WARN [Worker-25: Building workspace] - ScalaProject - Project Cidenet has platform default sourceLevel.
2019-10-01 21:08:05,045  WARN [Worker-25: Building workspace] - ScalaProject - Project Cidenet runs on platform default installation.
2019-10-01 21:21:39,912  WARN [Worker-11: Building workspace] - ScalaProject - Project Cidenet has platform default sourceLevel.
2019-10-01 21:21:39,912  WARN [Worker-11: Building workspace] - ScalaProject - Project Cidenet runs on platform default installation.
2019-10-01 21:22:08,754  WARN [Worker-29: Building workspace] - ScalaProject - Project Cidenet has platform default sourceLevel.
2019-10-01 21:22:08,754  WARN [Worker-29: Building workspace] - ScalaProject - Project Cidenet runs on platform default installation.
2019-10-01 21:22:37,134  WARN [Worker-11: Building workspace] - ScalaProject - Project Cidenet has platform default sourceLevel.
2019-10-01 21:22:37,134  WARN [Worker-11: Building workspace] - ScalaProject - Project Cidenet runs on platform default installation.
2019-10-01 21:23:50,318  WARN [Worker-30: Building workspace] - ScalaProject - Project Cidenet has platform default sourceLevel.
2019-10-01 21:23:50,318  WARN [Worker-30: Building workspace] - ScalaProject - Project Cidenet runs on platform default installation.
2019-10-01 21:24:56,468  WARN [Worker-27: Building workspace] - ScalaProject - Project Cidenet has platform default sourceLevel.
2019-10-01 21:24:56,468  WARN [Worker-27: Building workspace] - ScalaProject - Project Cidenet runs on platform default installation.
2019-10-01 21:25:33,884  WARN [Worker-27: Building workspace] - ScalaProject - Project Cidenet has platform default sourceLevel.
2019-10-01 21:25:33,884  WARN [Worker-27: Building workspace] - ScalaProject - Project Cidenet runs on platform default installation.
2019-10-01 21:57:01,237  WARN [Worker-32: Building workspace] - ScalaProject - Project Cidenet has platform default sourceLevel.
2019-10-01 21:57:01,237  WARN [Worker-32: Building workspace] - ScalaProject - Project Cidenet runs on platform default installation.
2019-10-01 21:59:16,841  WARN [Worker-33: Building workspace] - ScalaProject - Project Cidenet has platform default sourceLevel.
2019-10-01 21:59:16,841  WARN [Worker-33: Building workspace] - ScalaProject - Project Cidenet runs on platform default installation.
2019-10-01 22:00:29,493  WARN [Worker-30: Building workspace] - ScalaProject - Project Cidenet has platform default sourceLevel.
2019-10-01 22:00:29,493  WARN [Worker-30: Building workspace] - ScalaProject - Project Cidenet runs on platform default installation.
2019-10-01 22:01:03,848  WARN [Worker-31: Building workspace] - ScalaProject - Project Cidenet has platform default sourceLevel.
2019-10-01 22:01:03,848  WARN [Worker-31: Building workspace] - ScalaProject - Project Cidenet runs on platform default installation.
2019-10-01 22:01:59,253  WARN [Worker-31: Building workspace] - ScalaProject - Project Cidenet has platform default sourceLevel.
2019-10-01 22:01:59,253  WARN [Worker-31: Building workspace] - ScalaProject - Project Cidenet runs on platform default installation.
2019-10-01 22:02:24,646  WARN [Worker-30: Building workspace] - ScalaProject - Project Cidenet has platform default sourceLevel.
2019-10-01 22:02:24,646  WARN [Worker-30: Building workspace] - ScalaProject - Project Cidenet runs on platform default installation.
2019-10-02 08:57:02,595 ERROR [main] - System.err - [org.eclipse.pde.ui] error can't determine implemented interfaces of missing type org.eclipse.jdt.internal.core.manipulation.JavaElementLabelComposerCore
 [Xlint:cantFindType]
2019-10-02 08:57:02,719 ERROR [main] - System.err - [org.eclipse.jdt.launching] error can't determine implemented interfaces of missing type org.eclipse.jdt.internal.core.manipulation.JavaElementLabelComposerCore
 [Xlint:cantFindType]
2019-10-02 08:57:05,372  WARN [main] - ScalaProject - Project Cidenet has platform default sourceLevel.
2019-10-02 08:57:05,372  WARN [main] - ScalaProject - Project Cidenet runs on platform default installation.
2019-10-02 08:57:05,400  WARN [main] - ScalaProject - Project Cidenet has platform default sourceLevel.
2019-10-02 08:57:05,400  WARN [main] - ScalaProject - Project Cidenet runs on platform default installation.
2019-10-02 08:57:16,166 ERROR [main] - System.err - [org.eclipse.jdt.debug] error can't determine implemented interfaces of missing type org.eclipse.jdt.internal.core.manipulation.JavaElementLabelComposerCore
 [Xlint:cantFindType]
